version https://git-lfs.github.com/spec/v1
oid sha256:374e9eb07bc4e36d69bd5870e03efe991076e5f94ee40c384b4d6edd2bb8914e
size 35893
